#
# A fatal error has been detected by the Java Runtime Environment:
#
#  EXCEPTION_ACCESS_VIOLATION (0xc0000005) at pc=0x000000007577d166, pid=87320, tid=87464
#
# JRE version: 7.0_11-b21
# Java VM: Java HotSpot(TM) 64-Bit Server VM (23.6-b04 mixed mode windows-amd64 compressed oops)
# Problematic frame:
# C  0x000000007577d166
#
# Failed to write core dump. Minidumps are not enabled by default on client versions of Windows
#
# If you would like to submit a bug report, please visit:
#   http://bugreport.sun.com/bugreport/crash.jsp
# The crash happened outside the Java Virtual Machine in native code.
# See problematic frame for where to report the bug.
#

---------------  T H R E A D  ---------------

Current thread (0x0000000055ac3000):  JavaThread "AWT-EventQueue-0" [_thread_in_native, id=87464, stack(0x00000000b0000000,0x00000000b4000000)]

siginfo: ExceptionCode=0xc0000005, reading address 0x0000000000000010

Registers:
RAX=0x000000007626c9c8, RBX=0x00000001484bb550, RCX=0x0000000000000000, RDX=0x0000000000000000
RSP=0x00000000b3ffdc80, RBP=0x0000000148e14190, RSI=0x00000001a8f2e000, RDI=0x0000000148e14250
R8 =0x0000000000000000, R9 =0x2e00751e059c0063, R10=0x0000000000000000, R11=0x00000000b3ffdb60
R12=0x0000000000000000, R13=0x0000000148e14130, R14=0x0000000000000000, R15=0x0000000148e14190
RIP=0x000000007577d166, EFLAGS=0x0000000000010246

Top of Stack: (sp=0x00000000b3ffdc80)
0x00000000b3ffdc80:   0000000100000001 0000000100000008
0x00000000b3ffdc90:   0000000000000008 00000001a8f2e000
0x00000000b3ffdca0:   00000001926e5940 000000007599e739
0x00000000b3ffdcb0:   0000000000000000 000000015ce88830
0x00000000b3ffdcc0:   0000000000000000 0000000100000000
0x00000000b3ffdcd0:   0000000000000000 0000029f00000558
0x00000000b3ffdce0:   00000001a8f2e000 0000000000000050
0x00000000b3ffdcf0:   00000001485fa2a0 0000000000000006
0x00000000b3ffdd00:   00000001a8e1c7c8 0000000000000000
0x00000000b3ffdd10:   00000001a8e276c0 00000000b3ffe110
0x00000000b3ffdd20:   0000000148e14130 0000000000000000
0x00000000b3ffdd30:   0000000000000000 0000000000000000
0x00000000b3ffdd40:   0000000148e140d0 0000000000000000
0x00000000b3ffdd50:   0000000000000000 0000000000000000
0x00000000b3ffdd60:   0000000000000000 0000029f00000558
0x00000000b3ffdd70:   0000000148e14190 0000000000000000 

Instructions: (pc=0x000000007577d166)
0x000000007577d146:   08 75 0a 48 8b 01 ba 01 00 00 00 ff 10 48 8b 94
0x000000007577d156:   24 40 01 00 00 48 8b 06 48 89 bc 24 70 01 00 00
0x000000007577d166:   48 8b 52 10 4c 8d 4c 24 68 41 b8 06 00 00 00 48
0x000000007577d176:   8b ce ff 90 70 05 00 00 44 39 a4 24 a0 01 00 00 


Register to memory mapping:

RAX=0x000000007626c9c8 is an unknown value
RBX=0x00000001484bb550 is an unknown value
RCX=0x0000000000000000 is an unknown value
RDX=0x0000000000000000 is an unknown value
RSP=0x00000000b3ffdc80 is pointing into the stack for thread: 0x0000000055ac3000
RBP=0x0000000148e14190 is an unknown value
RSI=0x00000001a8f2e000 is an unknown value
RDI=0x0000000148e14250 is an unknown value
R8 =0x0000000000000000 is an unknown value
R9 =0x2e00751e059c0063 is an unknown value
R10=0x0000000000000000 is an unknown value
R11=0x00000000b3ffdb60 is pointing into the stack for thread: 0x0000000055ac3000
R12=0x0000000000000000 is an unknown value
R13=0x0000000148e14130 is an unknown value
R14=0x0000000000000000 is an unknown value
R15=0x0000000148e14190 is an unknown value


Stack: [0x00000000b0000000,0x00000000b4000000],  sp=0x00000000b3ffdc80,  free space=65527k
Native frames: (J=compiled Java code, j=interpreted, Vv=VM code, C=native code)
C  0x000000007577d166

Java frames: (J=compiled Java code, j=interpreted, Vv=VM code)
j  jogamp.opengl.gl4.GL4bcImpl.dispatch_glBlitFramebuffer1(IIIIIIIIIIJ)V+0
j  jogamp.opengl.gl4.GL4bcImpl.glBlitFramebuffer(IIIIIIIIII)V+52
j  com.jogamp.opengl.FBObject.syncSamplingSink(Ljavax/media/opengl/GL;)V+92
j  com.jogamp.opengl.FBObject.use(Ljavax/media/opengl/GL;Lcom/jogamp/opengl/FBObject$TextureAttachment;)V+38
j  jogamp.opengl.GLFBODrawableImpl.swapFBOImpl(Ljavax/media/opengl/GLContext;)V+291
j  jogamp.opengl.GLFBODrawableImpl.contextMadeCurrent(Ljavax/media/opengl/GLContext;Z)V+73
j  jogamp.opengl.GLContextImpl.contextMadeCurrent(Z)V+6
j  jogamp.opengl.GLContextImpl.release(Z)V+298
j  jogamp.opengl.GLContextImpl.release()V+2
j  javax.media.opengl.awt.GLJPanel$OffscreenBackend.initialize()V+430
j  javax.media.opengl.awt.GLJPanel.createAndInitializeBackend()V+191
j  javax.media.opengl.awt.GLJPanel.paintComponent(Ljava/awt/Graphics;)V+139
j  com.mathworks.hg.peer.JavaSceneServerGLJPanel.paintComponent(Ljava/awt/Graphics;)V+2
J  javax.swing.JComponent.paint(Ljava/awt/Graphics;)V
J  javax.swing.JComponent.paintChildren(Ljava/awt/Graphics;)V
J  javax.swing.JComponent.paint(Ljava/awt/Graphics;)V
J  javax.swing.RepaintManager$PaintManager.paintDoubleBuffered(Ljavax/swing/JComponent;Ljava/awt/Image;Ljava/awt/Graphics;IIII)V
J  javax.swing.RepaintManager$PaintManager.paint(Ljavax/swing/JComponent;Ljavax/swing/JComponent;Ljava/awt/Graphics;IIII)Z
J  javax.swing.RepaintManager.paint(Ljavax/swing/JComponent;Ljavax/swing/JComponent;Ljava/awt/Graphics;IIII)V
J  javax.swing.JComponent._paintImmediately(IIII)V
J  javax.swing.JComponent.paintImmediately(IIII)V
J  javax.swing.RepaintManager.paintDirtyRegions(Ljava/util/Map;)V
J  javax.swing.RepaintManager$ProcessingRunnable.run()V
J  java.awt.EventQueue$3.run()Ljava/lang/Object;
v  ~StubRoutines::call_stub
J  java.security.AccessController.doPrivileged(Ljava/security/PrivilegedAction;Ljava/security/AccessControlContext;)Ljava/lang/Object;
J  java.awt.EventQueue.dispatchEvent(Ljava/awt/AWTEvent;)V
J  java.awt.EventDispatchThread.pumpOneEventForFilters(I)V
J  java.awt.EventDispatchThread.pumpEventsForFilter(ILjava/awt/Conditional;Ljava/awt/EventFilter;)V
j  java.awt.EventDispatchThread.pumpEventsForHierarchy(ILjava/awt/Conditional;Ljava/awt/Component;)V+11
j  java.awt.EventDispatchThread.pumpEvents(ILjava/awt/Conditional;)V+4
j  java.awt.EventDispatchThread.pumpEvents(Ljava/awt/Conditional;)V+3
j  java.awt.EventDispatchThread.run()V+9
v  ~StubRoutines::call_stub

---------------  P R O C E S S  ---------------

Java Threads: ( => current thread )
  0x00000000560d9800 JavaThread "Code Analyzer updating thread" [_thread_blocked, id=522056, stack(0x00000001b0340000,0x00000001b4340000)]
  0x000000012d431800 JavaThread "Code Analyzer updating thread" [_thread_blocked, id=517236, stack(0x000000014afa0000,0x000000014efa0000)]
  0x000000000cd52800 JavaThread "Code Analyzer updating thread" [_thread_blocked, id=517136, stack(0x000000010c000000,0x0000000110000000)]
  0x000000000cb15800 JavaThread "Code Analyzer updating thread" [_thread_blocked, id=466424, stack(0x00000001528d0000,0x00000001568d0000)]
  0x000000002fcf1000 JavaThread "Tab Completion Callable" [_thread_blocked, id=465788, stack(0x000000018c070000,0x0000000190070000)]
  0x000000000cb1c000 JavaThread "Code Analyzer updating thread" [_thread_blocked, id=464836, stack(0x00000001568d0000,0x000000015a8d0000)]
  0x0000000066a0c000 JavaThread "Code Analyzer updating thread" [_thread_blocked, id=464276, stack(0x0000000188070000,0x000000018c070000)]
  0x000000000cd54800 JavaThread "Code Analyzer updating thread" [_thread_blocked, id=459352, stack(0x00000001b8340000,0x00000001bc340000)]
  0x000000000cb17000 JavaThread "Code Analyzer updating thread" [_thread_blocked, id=456920, stack(0x000000019c0d0000,0x00000001a00d0000)]
  0x00000001190a3800 JavaThread "Code Analyzer updating thread" [_thread_blocked, id=439932, stack(0x000000015e8d0000,0x00000001628d0000)]
  0x0000000030138000 JavaThread "Code Analyzer updating thread" [_thread_blocked, id=396048, stack(0x0000000108000000,0x000000010c000000)]
  0x000000000c386800 JavaThread "Browser Events Thread" daemon [_thread_blocked, id=319320, stack(0x0000000162fa0000,0x0000000166fa0000)]
  0x0000000066a0e800 JavaThread "Main message loop" daemon [_thread_in_native, id=319180, stack(0x000000016afa0000,0x000000016efa0000)]
  0x000000002fcf4000 JavaThread "Foxtrot Multi Worker Thread Runner #2" daemon [_thread_blocked, id=309928, stack(0x00000001800d0000,0x00000001840d0000)]
  0x000000003117c800 JavaThread "Timer-2" daemon [_thread_blocked, id=138164, stack(0x0000000178030000,0x000000017c030000)]
  0x00000000560d1800 JavaThread "com.jniwrapper.NativeResourceCollector" daemon [_thread_blocked, id=138156, stack(0x0000000166fa0000,0x000000016afa0000)]
  0x000000000c383800 JavaThread "AWT-EventQueue-0-SharedResourceRunner" daemon [_thread_blocked, id=95664, stack(0x0000000144030000,0x0000000148030000)]
  0x000000002fcf2800 JavaThread "pool-7-thread-1" [_thread_blocked, id=96040, stack(0x000000013a610000,0x000000013e610000)]
  0x000000000c389000 JavaThread "Code Analyzer updating thread" [_thread_blocked, id=92400, stack(0x0000000128000000,0x000000012c000000)]
  0x000000000c388000 JavaThread "Foxtrot Single Worker Thread #1" daemon [_thread_blocked, id=88812, stack(0x0000000140030000,0x0000000144030000)]
  0x0000000072de9800 JavaThread "RecordlistTable Timer" daemon [_thread_blocked, id=87604, stack(0x0000000124000000,0x0000000128000000)]
  0x0000000066a0b800 JavaThread "Prefs Updater" daemon [_thread_blocked, id=85592, stack(0x0000000120000000,0x0000000124000000)]
  0x000000000cd50000 JavaThread "Abandoned connection cleanup thread" daemon [_thread_blocked, id=83376, stack(0x00000000273e0000,0x000000002b3e0000)]
  0x00000000560d6000 JavaThread "Active Reference Queue Daemon" daemon [_thread_blocked, id=87596, stack(0x0000000104000000,0x0000000108000000)]
  0x00000000560d5000 JavaThread "Timer-1" daemon [_thread_blocked, id=87592, stack(0x0000000100000000,0x0000000104000000)]
  0x00000000560d4800 JavaThread "ClipboardMonitor Timer" daemon [_thread_blocked, id=87584, stack(0x00000000dc000000,0x00000000e0000000)]
  0x00000000560d3800 JavaThread "Explorer NavigationContext request queue" daemon [_thread_blocked, id=87568, stack(0x00000000d8000000,0x00000000dc000000)]
  0x00000000560d2000 JavaThread "AddressBar directory emptiness poller" daemon [_thread_blocked, id=87556, stack(0x00000000d0000000,0x00000000d4000000)]
  0x00000000560d0800 JavaThread "Explorer Refresh Service 1839757138" daemon [_thread_blocked, id=87552, stack(0x00000000c4000000,0x00000000c8000000)]
  0x00000000560d0000 JavaThread "TimerQueue" daemon [_thread_blocked, id=87532, stack(0x00000000c8000000,0x00000000cc000000)]
  0x00000000560cf000 JavaThread "Thread-3" daemon [_thread_blocked, id=87520, stack(0x00000000b4000000,0x00000000b8000000)]
  0x0000000055d08000 JavaThread "FelixPackageAdmin" daemon [_thread_blocked, id=87516, stack(0x00000000c0000000,0x00000000c4000000)]
  0x0000000055e50800 JavaThread "FelixStartLevel" daemon [_thread_blocked, id=87512, stack(0x00000000bc000000,0x00000000c0000000)]
  0x0000000055e4f800 JavaThread "FelixDispatchQueue" daemon [_thread_blocked, id=87508, stack(0x00000000b8000000,0x00000000bc000000)]
=>0x0000000055ac3000 JavaThread "AWT-EventQueue-0" [_thread_in_native, id=87464, stack(0x00000000b0000000,0x00000000b4000000)]
  0x0000000055afd800 JavaThread "com.google.common.base.internal.Finalizer" daemon [_thread_blocked, id=87456, stack(0x00000000ac000000,0x00000000b0000000)]
  0x0000000055a79000 JavaThread "AWT-Windows" daemon [_thread_in_native, id=87448, stack(0x00000000a4000000,0x00000000a8000000)]
  0x00000000559e2000 JavaThread "AWT-Shutdown" [_thread_blocked, id=87444, stack(0x00000000a0000000,0x00000000a4000000)]
  0x00000000559e1800 JavaThread "Java2D Disposer" daemon [_thread_blocked, id=87440, stack(0x000000009c000000,0x00000000a0000000)]
  0x0000000055836000 JavaThread "Timer-0" [_thread_blocked, id=87436, stack(0x0000000098000000,0x000000009c000000)]
  0x0000000033bdf000 JavaThread "EventMgr Dispatcher" daemon [_thread_in_native, id=87432, stack(0x0000000094000000,0x0000000098000000)]
  0x00000000336af800 JavaThread "Service Thread" daemon [_thread_blocked, id=87424, stack(0x000000008c000000,0x0000000090000000)]
  0x00000000336a9800 JavaThread "C2 CompilerThread1" daemon [_thread_blocked, id=87420, stack(0x0000000088000000,0x000000008c000000)]
  0x00000000336a4000 JavaThread "C2 CompilerThread0" daemon [_thread_blocked, id=87416, stack(0x0000000084000000,0x0000000088000000)]
  0x00000000336a3000 JavaThread "Attach Listener" daemon [_thread_blocked, id=87412, stack(0x0000000080000000,0x0000000084000000)]
  0x0000000033614800 JavaThread "Finalizer" daemon [_thread_blocked, id=87408, stack(0x0000000077970000,0x000000007b970000)]
  0x000000003360e800 JavaThread "Reference Handler" daemon [_thread_blocked, id=87404, stack(0x0000000059380000,0x000000005d380000)]
  0x0000000033465000 JavaThread "main" [_thread_blocked, id=87324, stack(0x0000000000030000,0x0000000004030000)]

Other Threads:
  0x0000000033608000 VMThread [stack: 0x00000000516c0000,0x00000000556c0000] [id=87400]
  0x00000000336f4000 WatcherThread [stack: 0x0000000090000000,0x0000000094000000] [id=87428]

VM state:not at safepoint (normal execution)

VM Mutex/Monitor currently owned by a thread: None

Heap
 PSYoungGen      total 35328K, used 29026K [0x00000000fa000000, 0x00000000fcaf0000, 0x0000000100000000)
  eden space 27328K, 84% used [0x00000000fa000000,0x00000000fb6a71f8,0x00000000fbab0000)
  from space 8000K, 72% used [0x00000000fc2d0000,0x00000000fc8816d0,0x00000000fcaa0000)
  to   space 8320K, 0% used [0x00000000fbab0000,0x00000000fbab0000,0x00000000fc2d0000)
 ParOldGen       total 277120K, used 204962K [0x00000000e8000000, 0x00000000f8ea0000, 0x00000000fa000000)
  object space 277120K, 73% used [0x00000000e8000000,0x00000000f48288b0,0x00000000f8ea0000)
 PSPermGen       total 89664K, used 85714K [0x00000000e0000000, 0x00000000e5790000, 0x00000000e8000000)
  object space 89664K, 95% used [0x00000000e0000000,0x00000000e53b48c0,0x00000000e5790000)

Card table byte_map: [0x0000000026900000,0x0000000026a10000] byte_map_base: 0x0000000026200000

Polling page: 0x0000000009e00000

Code Cache  [0x0000000033be0000, 0x0000000034c70000, 0x0000000036be0000)
 total_blobs=5993 nmethods=4967 adapters=970 free_code_cache=32445Kb largest_free_block=33010880

Compilation events (10 events):
Event: 612192.375 Thread 0x00000000336a9800 5640             com.jgoodies.forms.layout.FormLayout::groupedSizes (136 bytes)
Event: 612192.384 Thread 0x00000000336a9800 nmethod 5640 0x0000000034b8c010 code [0x0000000034b8c160, 0x0000000034b8c698]
Event: 612709.131 Thread 0x00000000336a4000 5641             java.util.concurrent.locks.AbstractQueuedSynchronizer::<init> (5 bytes)
Event: 612709.131 Thread 0x00000000336a4000 nmethod 5641 0x0000000034b8bdd0 code [0x0000000034b8bf00, 0x0000000034b8bf58]
Event: 612806.275 Thread 0x00000000336a9800 5642             java.text.RuleBasedBreakIterator::readTables (413 bytes)
Event: 612806.323 Thread 0x00000000336a9800 nmethod 5642 0x0000000034c56310 code [0x0000000034c56520, 0x0000000034c57e60]
Event: 613222.346 Thread 0x00000000336a4000 5643             javax.swing.text.DefaultStyledDocument$ElementBuffer::endEdits (147 bytes)
Event: 613222.383 Thread 0x00000000336a4000 nmethod 5643 0x0000000034c61590 code [0x0000000034c61820, 0x0000000034c635c8]
Event: 613233.809 Thread 0x00000000336a9800 5644             org.netbeans.editor.Registry::doActivate (102 bytes)
Event: 613233.817 Thread 0x00000000336a9800 nmethod 5644 0x0000000034c4cf50 code [0x0000000034c4d100, 0x0000000034c4d788]

GC Heap History (10 events):
Event: 613230.080 GC heap before
{Heap before GC invocations=4521 (full 24):
 PSYoungGen      total 26432K, used 26392K [0x00000000fa000000, 0x00000000fc6d0000, 0x0000000100000000)
  eden space 24000K, 100% used [0x00000000fa000000,0x00000000fb770000,0x00000000fb770000)
  from space 2432K, 98% used [0x00000000fb7a0000,0x00000000fb9f6038,0x00000000fba00000)
  to   space 7872K, 0% used [0x00000000fbf20000,0x00000000fbf20000,0x00000000fc6d0000)
 ParOldGen       total 277120K, used 204898K [0x00000000e8000000, 0x00000000f8ea0000, 0x00000000fa000000)
  object space 277120K, 73% used [0x00000000e8000000,0x00000000f48188b0,0x00000000f8ea0000)
 PSPermGen       total 89664K, used 85701K [0x00000000e0000000, 0x00000000e5790000, 0x00000000e8000000)
  object space 89664K, 95% used [0x00000000e0000000,0x00000000e53b1590,0x00000000e5790000)
Event: 613230.085 GC heap after
Heap after GC invocations=4521 (full 24):
 PSYoungGen      total 31104K, used 2134K [0x00000000fa000000, 0x00000000fc640000, 0x0000000100000000)
  eden space 23808K, 0% used [0x00000000fa000000,0x00000000fa000000,0x00000000fb740000)
  from space 7296K, 29% used [0x00000000fbf20000,0x00000000fc1358c0,0x00000000fc640000)
  to   space 7680K, 0% used [0x00000000fb740000,0x00000000fb740000,0x00000000fbec0000)
 ParOldGen       total 277120K, used 204954K [0x00000000e8000000, 0x00000000f8ea0000, 0x00000000fa000000)
  object space 277120K, 73% used [0x00000000e8000000,0x00000000f48268b0,0x00000000f8ea0000)
 PSPermGen       total 89664K, used 85701K [0x00000000e0000000, 0x00000000e5790000, 0x00000000e8000000)
  object space 89664K, 95% used [0x00000000e0000000,0x00000000e53b1590,0x00000000e5790000)
}
Event: 613231.808 GC heap before
{Heap before GC invocations=4522 (full 24):
 PSYoungGen      total 31104K, used 25942K [0x00000000fa000000, 0x00000000fc640000, 0x0000000100000000)
  eden space 23808K, 100% used [0x00000000fa000000,0x00000000fb740000,0x00000000fb740000)
  from space 7296K, 29% used [0x00000000fbf20000,0x00000000fc1358c0,0x00000000fc640000)
  to   space 7680K, 0% used [0x00000000fb740000,0x00000000fb740000,0x00000000fbec0000)
 ParOldGen       total 277120K, used 204954K [0x00000000e8000000, 0x00000000f8ea0000, 0x00000000fa000000)
  object space 277120K, 73% used [0x00000000e8000000,0x00000000f48268b0,0x00000000f8ea0000)
 PSPermGen       total 89664K, used 85701K [0x00000000e0000000, 0x00000000e5790000, 0x00000000e8000000)
  object space 89664K, 95% used [0x00000000e0000000,0x00000000e53b1590,0x00000000e5790000)
Event: 613231.835 GC heap after
Heap after GC invocations=4522 (full 24):
 PSYoungGen      total 31488K, used 2275K [0x00000000fa000000, 0x00000000fc7c0000, 0x0000000100000000)
  eden space 23808K, 0% used [0x00000000fa000000,0x00000000fa000000,0x00000000fb740000)
  from space 7680K, 29% used [0x00000000fb740000,0x00000000fb978f48,0x00000000fbec0000)
  to   space 7488K, 0% used [0x00000000fc070000,0x00000000fc070000,0x00000000fc7c0000)
 ParOldGen       total 277120K, used 204962K [0x00000000e8000000, 0x00000000f8ea0000, 0x00000000fa000000)
  object space 277120K, 73% used [0x00000000e8000000,0x00000000f48288b0,0x00000000f8ea0000)
 PSPermGen       total 89664K, used 85701K [0x00000000e0000000, 0x00000000e5790000, 0x00000000e8000000)
  object space 89664K, 95% used [0x00000000e0000000,0x00000000e53b1590,0x00000000e5790000)
}
Event: 613233.849 GC heap before
{Heap before GC invocations=4523 (full 24):
 PSYoungGen      total 31488K, used 26083K [0x00000000fa000000, 0x00000000fc7c0000, 0x0000000100000000)
  eden space 23808K, 100% used [0x00000000fa000000,0x00000000fb740000,0x00000000fb740000)
  from space 7680K, 29% used [0x00000000fb740000,0x00000000fb978f48,0x00000000fbec0000)
  to   space 7488K, 0% used [0x00000000fc070000,0x00000000fc070000,0x00000000fc7c0000)
 ParOldGen       total 277120K, used 204962K [0x00000000e8000000, 0x00000000f8ea0000, 0x00000000fa000000)
  object space 277120K, 73% used [0x00000000e8000000,0x00000000f48288b0,0x00000000f8ea0000)
 PSPermGen       total 89664K, used 85711K [0x00000000e0000000, 0x00000000e5790000, 0x00000000e8000000)
  object space 89664K, 95% used [0x00000000e0000000,0x00000000e53b3c48,0x00000000e5790000)
Event: 613233.856 GC heap after
Heap after GC invocations=4523 (full 24):
 PSYoungGen      total 33088K, used 4899K [0x00000000fa000000, 0x00000000fc7e0000, 0x0000000100000000)
  eden space 25600K, 0% used [0x00000000fa000000,0x00000000fa000000,0x00000000fb900000)
  from space 7488K, 65% used [0x00000000fc070000,0x00000000fc538f48,0x00000000fc7c0000)
  to   space 7616K, 0% used [0x00000000fb900000,0x00000000fb900000,0x00000000fc070000)
 ParOldGen       total 277120K, used 204962K [0x00000000e8000000, 0x00000000f8ea0000, 0x00000000fa000000)
  object space 277120K, 73% used [0x00000000e8000000,0x00000000f48288b0,0x00000000f8ea0000)
 PSPermGen       total 89664K, used 85711K [0x00000000e0000000, 0x00000000e5790000, 0x00000000e8000000)
  object space 89664K, 95% used [0x00000000e0000000,0x00000000e53b3c48,0x00000000e5790000)
}
Event: 613234.907 GC heap before
{Heap before GC invocations=4524 (full 24):
 PSYoungGen      total 33088K, used 30480K [0x00000000fa000000, 0x00000000fc7e0000, 0x0000000100000000)
  eden space 25600K, 99% used [0x00000000fa000000,0x00000000fb8fb2a0,0x00000000fb900000)
  from space 7488K, 65% used [0x00000000fc070000,0x00000000fc538f48,0x00000000fc7c0000)
  to   space 7616K, 0% used [0x00000000fb900000,0x00000000fb900000,0x00000000fc070000)
 ParOldGen       total 277120K, used 204962K [0x00000000e8000000, 0x00000000f8ea0000, 0x00000000fa000000)
  object space 277120K, 73% used [0x00000000e8000000,0x00000000f48288b0,0x00000000f8ea0000)
 PSPermGen       total 89664K, used 85714K [0x00000000e0000000, 0x00000000e5790000, 0x00000000e8000000)
  object space 89664K, 95% used [0x00000000e0000000,0x00000000e53b48c0,0x00000000e5790000)
Event: 613234.913 GC heap after
Heap after GC invocations=4524 (full 24):
 PSYoungGen      total 33216K, used 5585K [0x00000000fa000000, 0x00000000fcaa0000, 0x0000000100000000)
  eden space 25600K, 0% used [0x00000000fa000000,0x00000000fa000000,0x00000000fb900000)
  from space 7616K, 73% used [0x00000000fb900000,0x00000000fbe745c8,0x00000000fc070000)
  to   space 8000K, 0% used [0x00000000fc2d0000,0x00000000fc2d0000,0x00000000fcaa0000)
 ParOldGen       total 277120K, used 204962K [0x00000000e8000000, 0x00000000f8ea0000, 0x00000000fa000000)
  object space 277120K, 73% used [0x00000000e8000000,0x00000000f48288b0,0x00000000f8ea0000)
 PSPermGen       total 89664K, used 85714K [0x00000000e0000000, 0x00000000e5790000, 0x00000000e8000000)
  object space 89664K, 95% used [0x00000000e0000000,0x00000000e53b48c0,0x00000000e5790000)
}
Event: 613245.365 GC heap before
{Heap before GC invocations=4525 (full 24):
 PSYoungGen      total 33216K, used 31185K [0x00000000fa000000, 0x00000000fcaa0000, 0x0000000100000000)
  eden space 25600K, 100% used [0x00000000fa000000,0x00000000fb900000,0x00000000fb900000)
  from space 7616K, 73% used [0x00000000fb900000,0x00000000fbe745c8,0x00000000fc070000)
  to   space 8000K, 0% used [0x00000000fc2d0000,0x00000000fc2d0000,0x00000000fcaa0000)
 ParOldGen       total 277120K, used 204962K [0x00000000e8000000, 0x00000000f8ea0000, 0x00000000fa000000)
  object space 277120K, 73% used [0x00000000e8000000,0x00000000f48288b0,0x00000000f8ea0000)
 PSPermGen       total 89664K, used 85714K [0x00000000e0000000, 0x00000000e5790000, 0x00000000e8000000)
  object space 89664K, 95% used [0x00000000e0000000,0x00000000e53b48c0,0x00000000e5790000)
Event: 613245.372 GC heap after
Heap after GC invocations=4525 (full 24):
 PSYoungGen      total 35328K, used 5829K [0x00000000fa000000, 0x00000000fcaf0000, 0x0000000100000000)
  eden space 27328K, 0% used [0x00000000fa000000,0x00000000fa000000,0x00000000fbab0000)
  from space 8000K, 72% used [0x00000000fc2d0000,0x00000000fc8816d0,0x00000000fcaa0000)
  to   space 8320K, 0% used [0x00000000fbab0000,0x00000000fbab0000,0x00000000fc2d0000)
 ParOldGen       total 277120K, used 204962K [0x00000000e8000000, 0x00000000f8ea0000, 0x00000000fa000000)
  object space 277120K, 73% used [0x00000000e8000000,0x00000000f48288b0,0x00000000f8ea0000)
 PSPermGen       total 89664K, used 85714K [0x00000000e0000000, 0x00000000e5790000, 0x00000000e8000000)
  object space 89664K, 95% used [0x00000000e0000000,0x00000000e53b48c0,0x00000000e5790000)
}

Deoptimization events (10 events):
Event: 607313.722 Thread 0x0000000055ac3000 Uncommon trap -83 fr.pc 0x00000000348ed360
Event: 609096.532 Thread 0x0000000055ac3000 Uncommon trap -34 fr.pc 0x0000000033e3c2d0
Event: 609096.536 Thread 0x0000000055ac3000 Uncommon trap -58 fr.pc 0x00000000343ef6b8
Event: 609096.536 Thread 0x0000000055ac3000 Uncommon trap -58 fr.pc 0x00000000343ef6b8
Event: 609096.536 Thread 0x0000000055ac3000 Uncommon trap -58 fr.pc 0x00000000343ef6b8
Event: 609096.536 Thread 0x0000000055ac3000 Uncommon trap -58 fr.pc 0x00000000343ef6b8
Event: 609096.538 Thread 0x0000000055ac3000 Uncommon trap -83 fr.pc 0x000000003413fb14
Event: 610046.180 Thread 0x0000000055ac3000 Uncommon trap -83 fr.pc 0x0000000034b0cb80
Event: 610049.258 Thread 0x0000000055ac3000 Uncommon trap -34 fr.pc 0x0000000033e3c2d0
Event: 612290.105 Thread 0x0000000055ac3000 Uncommon trap -83 fr.pc 0x0000000034c3b970

Internal exceptions (10 events):
Event: 613214.399 Thread 0x0000000055ac3000 Threw 0x00000000fb478d38 at C:\jdk7u1_64p\jdk7u11\hotspot\src\share\vm\interpreter\linkResolver.cpp:805
Event: 613214.399 Thread 0x0000000055ac3000 Threw 0x00000000fb479f40 at C:\jdk7u1_64p\jdk7u11\hotspot\src\share\vm\interpreter\linkResolver.cpp:805
Event: 613214.399 Thread 0x0000000055ac3000 Threw 0x00000000fb47a188 at C:\jdk7u1_64p\jdk7u11\hotspot\src\share\vm\interpreter\linkResolver.cpp:805
Event: 613214.399 Thread 0x0000000055ac3000 Threw 0x00000000fb47bb70 at C:\jdk7u1_64p\jdk7u11\hotspot\src\share\vm\interpreter\linkResolver.cpp:805
Event: 613214.399 Thread 0x0000000055ac3000 Threw 0x00000000fb47bdb8 at C:\jdk7u1_64p\jdk7u11\hotspot\src\share\vm\interpreter\linkResolver.cpp:805
Event: 613214.399 Thread 0x0000000055ac3000 Threw 0x00000000fb47cfc0 at C:\jdk7u1_64p\jdk7u11\hotspot\src\share\vm\interpreter\linkResolver.cpp:805
Event: 613214.399 Thread 0x0000000055ac3000 Threw 0x00000000fb47d208 at C:\jdk7u1_64p\jdk7u11\hotspot\src\share\vm\interpreter\linkResolver.cpp:805
Event: 613245.263 Thread 0x0000000055ac3000 Threw 0x00000000fb5c5db0 at C:\jdk7u1_64p\jdk7u11\hotspot\src\share\vm\prims\jvm.cpp:1170
Event: 613245.350 Thread 0x0000000055ac3000 Threw 0x00000000fb81d588 at C:\jdk7u1_64p\jdk7u11\hotspot\src\share\vm\prims\jvm.cpp:1170
Event: 613248.641 Thread 0x0000000055ac3000 Threw 0x00000000fb5af648 at C:\jdk7u1_64p\jdk7u11\hotspot\src\share\vm\prims\jvm.cpp:1170

Events (10 events):
Event: 613245.894 Thread 0x00000000560d3000 Thread added: 0x00000000560d3000
Event: 613245.996 Thread 0x00000000560d3000 Thread exited: 0x00000000560d3000
Event: 613245.999 Thread 0x00000000560d3000 Thread added: 0x00000000560d3000
Event: 613246.100 Thread 0x00000000560d3000 Thread exited: 0x00000000560d3000
Event: 613246.118 Thread 0x00000000560d3000 Thread added: 0x00000000560d3000
Event: 613246.220 Thread 0x00000000560d3000 Thread exited: 0x00000000560d3000
Event: 613246.374 Thread 0x00000000560d3000 Thread added: 0x00000000560d3000
Event: 613246.476 Thread 0x00000000560d3000 Thread exited: 0x00000000560d3000
Event: 613248.549 Thread 0x000000002fcf6800 Thread added: 0x000000002fcf6800
Event: 613248.650 Thread 0x000000002fcf6800 Thread exited: 0x000000002fcf6800


Dynamic libraries:
0x0000000140000000 - 0x0000000140029000 	C:\Program Files\MATLAB\R2013b\bin\win64\MATLAB.exe
0x0000000077790000 - 0x0000000077939000 	C:\Windows\SYSTEM32\ntdll.dll
0x0000000077670000 - 0x000000007778f000 	C:\Windows\system32\kernel32.dll
0x000007fefdd80000 - 0x000007fefddec000 	C:\Windows\system32\KERNELBASE.dll
0x000000006f060000 - 0x000000006f3dc000 	C:\Program Files\MATLAB\R2013b\bin\win64\libmwservices.dll
0x000000006fe80000 - 0x000000006ff56000 	C:\Program Files\MATLAB\R2013b\bin\win64\libmwi18n.dll
0x000000006fe70000 - 0x000000006fe7d000 	C:\Program Files\MATLAB\R2013b\bin\win64\libmwresource_core.dll
0x0000000067cc0000 - 0x0000000067d58000 	C:\Program Files\MATLAB\R2013b\bin\win64\MSVCP100.dll
0x000000006adb0000 - 0x000000006ae82000 	C:\Program Files\MATLAB\R2013b\bin\win64\MSVCR100.dll
0x0000000071610000 - 0x000000007161e000 	C:\Program Files\MATLAB\R2013b\bin\win64\boost_date_time-vc100-mt-1_49.dll
0x0000000070ab0000 - 0x0000000070adc000 	C:\Program Files\MATLAB\R2013b\bin\win64\boost_filesystem-vc100-mt-1_49.dll
0x000000006e800000 - 0x000000006e809000 	C:\Program Files\MATLAB\R2013b\bin\win64\boost_system-vc100-mt-1_49.dll
0x000007fefe150000 - 0x000007fefe22b000 	C:\Windows\system32\ADVAPI32.dll
0x000007feff740000 - 0x000007feff7df000 	C:\Windows\system32\msvcrt.dll
0x000007feff6d0000 - 0x000007feff6ef000 	C:\Windows\SYSTEM32\sechost.dll
0x000007feff8f0000 - 0x000007feffa1d000 	C:\Windows\system32\RPCRT4.dll
0x000000006e7d0000 - 0x000000006e7f5000 	C:\Program Files\MATLAB\R2013b\bin\win64\LIBEXPAT.dll
0x0000000067b30000 - 0x0000000067cba000 	C:\Program Files\MATLAB\R2013b\bin\win64\icuin49.dll
0x00000000679f0000 - 0x0000000067b2e000 	C:\Program Files\MATLAB\R2013b\bin\win64\icuuc49.dll
0x0000000058250000 - 0x0000000059372000 	C:\Program Files\MATLAB\R2013b\bin\win64\icudt49.dll
0x000000006e7c0000 - 0x000000006e7d0000 	C:\Program Files\MATLAB\R2013b\bin\win64\icuio49.dll
0x0000000004100000 - 0x00000000041bb000 	C:\Program Files\MATLAB\R2013b\bin\win64\libut.dll
0x000000006f960000 - 0x000000006fb07000 	C:\Program Files\MATLAB\R2013b\bin\win64\libmwfl.dll
0x0000000004320000 - 0x000000000472f000 	C:\Program Files\MATLAB\R2013b\bin\win64\libmwMATLAB_res.dll
0x0000000067910000 - 0x00000000679ef000 	C:\Program Files\MATLAB\R2013b\bin\win64\boost_regex-vc100-mt-1_49.dll
0x0000000077360000 - 0x000000007745a000 	C:\Windows\system32\USER32.dll
0x000007feff340000 - 0x000007feff3a7000 	C:\Windows\system32\GDI32.dll
0x000007feff700000 - 0x000007feff70e000 	C:\Windows\system32\LPK.dll
0x000007fefe2d0000 - 0x000007fefe399000 	C:\Windows\system32\USP10.dll
0x000000006b240000 - 0x000000006b251000 	C:\Program Files\MATLAB\R2013b\bin\win64\boost_signals-vc100-mt-1_49.dll
0x000000006c1b0000 - 0x000000006c1c1000 	C:\Program Files\MATLAB\R2013b\bin\win64\boost_thread-vc100-mt-1_49.dll
0x0000000067880000 - 0x000000006790c000 	C:\Program Files\MATLAB\R2013b\bin\win64\boost_log-vc100-mt-1_49.dll
0x0000000077960000 - 0x0000000077967000 	C:\Windows\system32\PSAPI.DLL
0x000007fefdfc0000 - 0x000007fefe00d000 	C:\Windows\system32\WS2_32.dll
0x000007feff6f0000 - 0x000007feff6f8000 	C:\Windows\system32\NSI.dll
0x000007fef8770000 - 0x000007fef87a3000 	C:\Program Files\MATLAB\R2013b\bin\win64\tbb.dll
0x000007fefe230000 - 0x000007fefe249000 	C:\Windows\system32\imagehlp.dll
0x000007fefcac0000 - 0x000007fefcaec000 	C:\Windows\system32\POWRPROF.dll
0x000007feff3b0000 - 0x000007feff587000 	C:\Windows\system32\SETUPAPI.dll
0x000007fefdf80000 - 0x000007fefdfb6000 	C:\Windows\system32\CFGMGR32.dll
0x000007feff5f0000 - 0x000007feff6c7000 	C:\Windows\system32\OLEAUT32.dll
0x000007fefe3a0000 - 0x000007fefe5a3000 	C:\Windows\system32\ole32.dll
0x000007fefdf60000 - 0x000007fefdf7a000 	C:\Windows\system32\DEVOBJ.dll
0x0000000004730000 - 0x000000000482b000 	C:\Program Files\MATLAB\R2013b\bin\win64\libmx.dll
0x000007fef8740000 - 0x000007fef8768000 	C:\Program Files\MATLAB\R2013b\bin\win64\tbbmalloc.dll
0x000000006ad90000 - 0x000000006ada7000 	C:\Program Files\MATLAB\R2013b\bin\win64\zlib1.dll
0x000000006ef00000 - 0x000000006ef4e000 	C:\Program Files\MATLAB\R2013b\bin\win64\libmwregexp.dll
0x000000006eeb0000 - 0x000000006eef7000 	C:\Program Files\MATLAB\R2013b\bin\win64\mpath.dll
0x0000000004830000 - 0x0000000004e58000 	C:\Program Files\MATLAB\R2013b\bin\win64\mlutil.dll
0x000000006e870000 - 0x000000006e8e7000 	C:\Program Files\MATLAB\R2013b\bin\win64\xmlcore.dll
0x0000000065c00000 - 0x0000000065e41000 	C:\Program Files\MATLAB\R2013b\bin\win64\xerces-c_2_7.dll
0x000000006e5f0000 - 0x000000006e613000 	C:\Program Files\MATLAB\R2013b\bin\win64\libmwMATLAB_settings_res.dll
0x000000006e6f0000 - 0x000000006e700000 	C:\Program Files\MATLAB\R2013b\bin\win64\boost_iostreams-vc100-mt-1_49.dll
0x0000000067830000 - 0x0000000067876000 	C:\Program Files\MATLAB\R2013b\bin\win64\boost_serialization-vc100-mt-1_49.dll
0x000007fefe5b0000 - 0x000007feff338000 	C:\Windows\system32\SHELL32.dll
0x000007fefe250000 - 0x000007fefe2c1000 	C:\Windows\system32\SHLWAPI.dll
0x000000006e580000 - 0x000000006e586000 	C:\Program Files\MATLAB\R2013b\bin\win64\libmwnativedisplay.dll
0x00000000685f0000 - 0x000000006863d000 	C:\Program Files\MATLAB\R2013b\bin\win64\opccore.dll
0x00000000684f0000 - 0x00000000685c6000 	C:\Program Files\MATLAB\R2013b\bin\win64\opcmodel.dll
0x00000000684c0000 - 0x00000000684ed000 	C:\Program Files\MATLAB\R2013b\bin\win64\opczippackage.dll
0x000000006e1c0000 - 0x000000006e1ce000 	C:\Program Files\MATLAB\R2013b\bin\win64\libminizip.dll
0x0000000068340000 - 0x00000000683a6000 	C:\Program Files\MATLAB\R2013b\bin\win64\opcmwservices.dll
0x000007fef6ef0000 - 0x000007fef6f90000 	C:\Windows\WinSxS\amd64_microsoft.windows.common-controls_6595b64144ccf1df_5.82.7601.17514_none_a4d6a923711520a9\COMCTL32.dll
0x000007fefe0b0000 - 0x000007fefe147000 	C:\Windows\system32\COMDLG32.dll
0x000007fefb8a0000 - 0x000007fefb8b6000 	C:\Windows\system32\NETAPI32.dll
0x000007fefb890000 - 0x000007fefb89c000 	C:\Windows\system32\netutils.dll
0x000007fefd740000 - 0x000007fefd763000 	C:\Windows\system32\srvcli.dll
0x000007fefb870000 - 0x000007fefb885000 	C:\Windows\system32\wkscli.dll
0x000000006e4d0000 - 0x000000006e57d000 	C:\Program Files\MATLAB\R2013b\bin\win64\mcr.dll
0x0000000004e60000 - 0x0000000005220000 	C:\Program Files\MATLAB\R2013b\bin\win64\iqm.dll
0x0000000180000000 - 0x00000001800c2000 	C:\Program Files\MATLAB\R2013b\bin\win64\m_dispatcher.dll
0x0000000005220000 - 0x0000000005a1b000 	C:\Program Files\MATLAB\R2013b\bin\win64\m_interpreter.dll
0x000000006d760000 - 0x000000006d784000 	C:\Program Files\MATLAB\R2013b\bin\win64\libmex.dll
0x000000006d6e0000 - 0x000000006d75b000 	C:\Program Files\MATLAB\R2013b\bin\win64\profiler.dll
0x000000006d450000 - 0x000000006d5c8000 	C:\Program Files\MATLAB\R2013b\bin\win64\libmwmathutil.dll
0x000000006d420000 - 0x000000006d447000 	C:\Program Files\MATLAB\R2013b\bin\win64\libmwmathrng.dll
0x000000006d410000 - 0x000000006d420000 	C:\Program Files\MATLAB\R2013b\bin\win64\libmwmfl_rng.dll
0x0000000005a20000 - 0x0000000005b38000 	C:\Program Files\MATLAB\R2013b\bin\win64\libmwmathcore.dll
0x000000006d2b0000 - 0x000000006d313000 	C:\Program Files\MATLAB\R2013b\bin\win64\libmwspmatrix.dll
0x0000000005b40000 - 0x0000000005da2000 	C:\Program Files\MATLAB\R2013b\bin\win64\mcos.dll
0x000000006cfc0000 - 0x000000006d01c000 	C:\Program Files\MATLAB\R2013b\bin\win64\libmwcholmod.dll
0x000000006cfb0000 - 0x000000006cfbc000 	C:\Program Files\MATLAB\R2013b\bin\win64\libmwamd.dll
0x000000006cfa0000 - 0x000000006cfab000 	C:\Program Files\MATLAB\R2013b\bin\win64\libmwcolamd.dll
0x000000006cf80000 - 0x000000006cf93000 	C:\Program Files\MATLAB\R2013b\bin\win64\libmwblas.dll
0x000000006cf60000 - 0x000000006cf75000 	C:\Program Files\MATLAB\R2013b\bin\win64\libmwbinder.dll
0x000000006cf50000 - 0x000000006cf5b000 	C:\Program Files\MATLAB\R2013b\bin\win64\libmwompwrapper.dll
0x000000006ced0000 - 0x000000006cf4f000 	C:\Program Files\MATLAB\R2013b\bin\win64\libmwlapack.dll
0x000000006ceb0000 - 0x000000006ced0000 	C:\Program Files\MATLAB\R2013b\bin\win64\m_pcodeio.dll
0x000000006ce50000 - 0x000000006ceac000 	C:\Program Files\MATLAB\R2013b\bin\win64\m_ir.dll
0x0000000005db0000 - 0x0000000006465000 	C:\Program Files\MATLAB\R2013b\bin\win64\m_parser.dll
0x000000006c780000 - 0x000000006c797000 	C:\Program Files\MATLAB\R2013b\bin\win64\ir_xfmr.dll
0x000000006c770000 - 0x000000006c780000 	C:\Program Files\MATLAB\R2013b\bin\win64\mtok.dll
0x000000006c740000 - 0x000000006c768000 	C:\Program Files\MATLAB\R2013b\bin\win64\m_pcodegen.dll
0x000007feea400000 - 0x000007feea525000 	C:\Windows\system32\dbghelp.dll
0x000000006c710000 - 0x000000006c73f000 	C:\Program Files\MATLAB\R2013b\bin\win64\libmwbridge.dll
0x000000006c650000 - 0x000000006c706000 	C:\Program Files\MATLAB\R2013b\bin\win64\udd.dll
0x0000000006470000 - 0x00000000065c1000 	C:\Program Files\MATLAB\R2013b\bin\win64\libmwgui.dll
0x000000006c4d0000 - 0x000000006c4f8000 	C:\Program Files\MATLAB\R2013b\bin\win64\graphics_util.dll
0x0000000067620000 - 0x00000000676d8000 	C:\Program Files\MATLAB\R2013b\bin\win64\libtex_base.dll
0x00000000065d0000 - 0x0000000006f36000 	C:\Program Files\MATLAB\R2013b\bin\win64\hg.dll
0x000000006ba60000 - 0x000000006babd000 	C:\Program Files\MATLAB\R2013b\bin\win64\libmat.dll
0x000000006b850000 - 0x000000006ba58000 	C:\Program Files\MATLAB\R2013b\bin\win64\hdf5dll.dll
0x000000006b780000 - 0x000000006b848000 	C:\Program Files\MATLAB\R2013b\bin\win64\jmi.dll
0x000000006b770000 - 0x000000006b77e000 	C:\Program Files\MATLAB\R2013b\bin\win64\nativejava_services.dll
0x0000000006f40000 - 0x0000000006f82000 	C:\Program Files\MATLAB\R2013b\bin\win64\libmwhardcopy.dll
0x000000006b6d0000 - 0x000000006b72e000 	C:\Program Files\MATLAB\R2013b\bin\win64\libuij.dll
0x000000006b490000 - 0x000000006b695000 	C:\Program Files\MATLAB\R2013b\bin\win64\hgdatatypes.dll
0x0000000006f90000 - 0x00000000070a2000 	C:\Program Files\MATLAB\R2013b\bin\win64\hgutils.dll
0x000000006b2f0000 - 0x000000006b39e000 	C:\Program Files\MATLAB\R2013b\bin\win64\udd_mi.dll
0x000000006b2b0000 - 0x000000006b2e6000 	C:\Program Files\MATLAB\R2013b\bin\win64\libmwgbtutils.dll
0x000000006b290000 - 0x000000006b2a3000 	C:\Program Files\MATLAB\R2013b\bin\win64\libmwgbt.dll
0x00000000070b0000 - 0x000000000737f000 	C:\Program Files\MATLAB\R2013b\bin\win64\uiw.dll
0x000000006afb0000 - 0x000000006afb9000 	C:\Program Files\MATLAB\R2013b\bin\win64\uinone.dll
0x000000006af80000 - 0x000000006afac000 	C:\Program Files\MATLAB\R2013b\bin\win64\libmwnativedialogs.dll
0x000000006af70000 - 0x000000006af7c000 	C:\Program Files\MATLAB\R2013b\bin\win64\libmwplatform_res.dll
0x000007fef6de0000 - 0x000007fef6df8000 	C:\Windows\system32\MPR.dll
0x00000000604b0000 - 0x0000000060a0d000 	C:\Program Files\MATLAB\R2013b\bin\win64\mfc100.dll
0x000007fef6e80000 - 0x000007fef6e87000 	C:\Windows\system32\MSIMG32.dll
0x000007fef7800000 - 0x000007fef7871000 	C:\Windows\system32\WINSPOOL.DRV
0x000000006af50000 - 0x000000006af6d000 	C:\Program Files\MATLAB\R2013b\bin\win64\mwoles05.DLL
0x000000006aee0000 - 0x000000006af4c000 	C:\Program Files\MATLAB\R2013b\bin\win64\comcli.dll
0x00000000675f0000 - 0x000000006761b000 	C:\Program Files\MATLAB\R2013b\bin\win64\ATL100.DLL
0x000000006aed0000 - 0x000000006aedc000 	C:\Program Files\MATLAB\R2013b\bin\win64\mlautoregister.dll
0x0000000007380000 - 0x00000000074ef000 	C:\Program Files\MATLAB\R2013b\bin\win64\mvm.dll
0x000007feff710000 - 0x000007feff73e000 	C:\Windows\system32\IMM32.DLL
0x000007feff7e0000 - 0x000007feff8e9000 	C:\Windows\system32\MSCTF.dll
0x000007fefb770000 - 0x000007fefb7c6000 	C:\Windows\system32\UxTheme.dll
0x000007fefb2c0000 - 0x000007fefb2d8000 	C:\Windows\system32\dwmapi.dll

VM Arguments:
jvm_args: -XX:PermSize=32m -Xms64m -XX:NewRatio=3 -XX:MaxPermSize=128m -Xmx384m -XX:MaxDirectMemorySize=2147400000 -Dsun.java2d.noddraw=true -Dsun.awt.nopixfmt=true -Xshare:off -Xrs -XX:-UseSplitVerifier -Djava.library.path=C:\Program Files\MATLAB\R2013b\bin\win64;C:\Program Files\MATLAB\R2013b\sys\jxbrowser\win64\lib vfprintf abort -Duser.language=en -Duser.country=US -XX:ParallelGCThreads=6 
java_command: <unknown>
Launcher Type: generic

Environment Variables:
PATH=C:\Python33\;C:\Program Files (x86)\AMD APP\bin\x86_64;C:\Program Files (x86)\AMD APP\bin\x86;C:\Windows\system32;C:\Windows;C:\Windows\System32\Wbem;C:\Windows\System32\WindowsPowerShell\v1.0\;C:\Program Files (x86)\ATI Technologies\ATI.ACE\Core-Static;C:\Program Files\Common Files\Pleora;C:\Program Files\MATLAB\R2015a\runtime\win64;C:\Program Files\MATLAB\R2015a\bin;C:\Program Files\MATLAB\R2013b\runtime\win64;C:\Program Files\MATLAB\R2013b\bin;C:\Program Files (x86)\IVI Foundation\IVI\bin;C:\Program Files\IVI Foundation\IVI\bin;C:\Program Files (x86)\IVI Foundation\VISA\WinNT\Bin\;C:\Program Files\IVI Foundation\VISA\Win64\Bin\;C:\Program Files (x86)\IVI Foundation\VISA\WinNT\Bin;C:\Program Files\MiKTeX 2.9\miktex\bin\x64\;C:\Program Files (x86)\Git\cmd;C:\Program Files (x86)\Git\bin;C:\Program Files (x86)\Pico Technology\PicoScope6\;C:\Program Files (x86)\Pico Technology\Pico Full\;D:\Users\BECV\AppData\Local\VanDyke Software\Clients\;C:\Program Files (x86)\Nmap
USERNAME=BECV
OS=Windows_NT
PROCESSOR_IDENTIFIER=Intel64 Family 6 Model 44 Stepping 2, GenuineIntel



---------------  S Y S T E M  ---------------

OS: Windows 7 , 64 bit Build 7601 Service Pack 1

CPU:total 12 (6 cores per cpu, 2 threads per core) family 6 model 44 stepping 2, cmov, cx8, fxsr, mmx, sse, sse2, sse3, ssse3, sse4.1, sse4.2, popcnt, ht, tsc, tscinvbit, tscinv

Memory: 4k page, physical 10483764k(2017044k free), swap 15601912k(1549320k free)

vm_info: Java HotSpot(TM) 64-Bit Server VM (23.6-b04) for windows-amd64 JRE (1.7.0_11-b21), built on Jan 12 2013 02:38:42 by "java_re" with unknown MS VC++:1600

time: Thu May 28 23:22:17 2015
elapsed time: 613248 seconds

